<?xml version="1.0" encoding="UTF-8"?>
<testng-results ignored="0" total="1" passed="1" failed="0" skipped="0">
  <reporter-output>
    <line>
      <![CDATA[<img src = 'file://D:\TestScreenshoot\20220624_145521.png'height="350" width="700"/>]]>
    </line>
  </reporter-output>
  <suite started-at="2022-06-24T14:54:47 ICT" name="Suite" finished-at="2022-06-24T14:55:21 ICT" duration-ms="34432">
    <groups>
      <group name="cucumber">
        <method signature="AbstractTestNGCucumberTests.runScenario(io.cucumber.testng.PickleWrapper,io.cucumber.testng.FeatureWrapper)[pri:0, instance:com.nexsoft.runner.ListRunner@6d60fe40]" name="runScenario" class="io.cucumber.testng.AbstractTestNGCucumberTests"/>
      </group> <!-- cucumber -->
    </groups>
    <test started-at="2022-06-24T14:54:47 ICT" name="Test" finished-at="2022-06-24T14:55:21 ICT" duration-ms="34432">
      <class name="com.nexsoft.runner.ListRunner">
        <test-method is-config="true" signature="setUpClass(org.testng.ITestContext)[pri:0, instance:com.nexsoft.runner.ListRunner@6d60fe40]" started-at="2022-06-24T14:54:47 ICT" name="setUpClass" finished-at="2022-06-24T14:54:47 ICT" duration-ms="763" status="PASS">
          <params>
            <param index="0">
              <value>
                <![CDATA[org.testng.TestRunner@7d32e714]]>
              </value>
            </param>
          </params>
          <reporter-output>
          </reporter-output>
        </test-method> <!-- setUpClass -->
        <test-method signature="runScenario(io.cucumber.testng.PickleWrapper,io.cucumber.testng.FeatureWrapper)[pri:0, instance:com.nexsoft.runner.ListRunner@6d60fe40]" started-at="2022-06-24T14:54:47 ICT" name="runScenario" description="Runs Cucumber Scenarios" data-provider="scenarios" finished-at="2022-06-24T14:55:21 ICT" duration-ms="33524" status="PASS">
          <params>
            <param index="0">
              <value>
                <![CDATA["Create new agenda list"]]>
              </value>
            </param>
            <param index="1">
              <value>
                <![CDATA["Create new data list in List"]]>
              </value>
            </param>
          </params>
          <reporter-output>
            <line>
              <![CDATA[<img src = 'file://D:\TestScreenshoot\20220624_145521.png'height="350" width="700"/>]]>
            </line>
          </reporter-output>
        </test-method> <!-- runScenario -->
        <test-method is-config="true" signature="tearDownClass()[pri:0, instance:com.nexsoft.runner.ListRunner@6d60fe40]" started-at="2022-06-24T14:55:21 ICT" name="tearDownClass" finished-at="2022-06-24T14:55:21 ICT" duration-ms="16" status="PASS">
          <reporter-output>
          </reporter-output>
        </test-method> <!-- tearDownClass -->
      </class> <!-- com.nexsoft.runner.ListRunner -->
    </test> <!-- Test -->
  </suite> <!-- Suite -->
</testng-results>
